[debug] [2021-09-11T15:51:26.205Z] ----------------------------------------------------------------------
[debug] [2021-09-11T15:51:26.207Z] Command:       C:\Program Files\nodejs\node.exe C:\Users\madha\AppData\Roaming\npm\node_modules\firebase-tools\lib\bin\firebase.js init hosting
[debug] [2021-09-11T15:51:26.207Z] CLI Version:   9.16.0
[debug] [2021-09-11T15:51:26.207Z] Platform:      win32
[debug] [2021-09-11T15:51:26.207Z] Node Version:  v14.16.0
[debug] [2021-09-11T15:51:26.208Z] Time:          Sat Sep 11 2021 21:21:26 GMT+0530 (India Standard Time)
[debug] [2021-09-11T15:51:26.208Z] ----------------------------------------------------------------------
[debug] 
[debug] [2021-09-11T15:51:26.214Z] >>> [apiv2][query] GET https://firebase-public.firebaseio.com/cli.json [none]
[debug] [2021-09-11T15:51:26.238Z] > command requires scopes: ["email","openid","https://www.googleapis.com/auth/cloudplatformprojects.readonly","https://www.googleapis.com/auth/firebase","https://www.googleapis.com/auth/cloud-platform"]
[debug] [2021-09-11T15:51:26.239Z] > authorizing via signed-in user (madhavmehta803@gmail.com)
[info] 
     ######## #### ########  ######## ########     ###     ######  ########
     ##        ##  ##     ## ##       ##     ##  ##   ##  ##       ##
     ######    ##  ########  ######   ########  #########  ######  ######
     ##        ##  ##    ##  ##       ##     ## ##     ##       ## ##
     ##       #### ##     ## ######## ########  ##     ##  ######  ########

You're about to initialize a Firebase project in this directory:

  C:\Users\madha\OneDrive\Desktop\Program\MERN Project\Assignment

[debug] [2021-09-11T15:51:27.643Z] <<< [apiv2][status] GET https://firebase-public.firebaseio.com/cli.json 200
[debug] [2021-09-11T15:51:27.643Z] <<< [apiv2][body] GET https://firebase-public.firebaseio.com/cli.json {"cloudBuildErrorAfter":1594252800000,"cloudBuildWarnAfter":1590019200000,"defaultNode10After":1594252800000,"minVersion":"3.0.5","node8DeploysDisabledAfter":1613390400000,"node8RuntimeDisabledAfter":1615809600000,"node8WarnAfter":1600128000000}
